
 PATCH /api/contacts/6470db4b364b6f870caeb8d9/favorite 25-06-2023_04:13:59
 PATCH /api/contacts/6470db4b364b6f870caeb8d9/favorite 25-06-2023_04:14:03
 PATCH /api/contacts/6470db4b364b6f870caeb8d9/favorite 25-06-2023_04:14:13
 PATCH /api/contacts/6470db4b364b6f870caeb8d9/favorite 25-06-2023_04:14:17
 PATCH /api/contacts/6470db4b364b6f870caeb8d9/favorite 25-06-2023_04:15:37
 PATCH /api/contacts/6470db4b364b6f870caeb8d9/favorite 25-06-2023_04:16:23
 PATCH /api/contacts/6470db4b364b6f870caeb8d9/favorite 25-06-2023_04:16:58
 PATCH /api/contacts/6470db4b364b6f870caeb8d9/favorite 25-06-2023_04:18:04
 PATCH /api/contacts/6470db4b364b6f870caeb8d9/favorite 25-06-2023_04:18:15
 PATCH /api/contacts/6470db4b364b6f870caeb8d9/favorite 25-06-2023_04:18:35
 PATCH /api/contacts/6470db4b364b6f870caeb8d9/favorite 25-06-2023_04:18:41
 PATCH /api/contacts/6470db4b364b6f870caeb8d9/favorite 25-06-2023_04:19:09
 PATCH /api/contacts/6470db4b364b6f870caeb8d9/favorite 25-06-2023_04:19:34
 PATCH /api/contacts/6470db4b364b6f870caeb8d9/favorite 25-06-2023_04:20:02
 PATCH /api/contacts/6470db4b364b6f870caeb8d9/favorite 25-06-2023_04:20:20
 PATCH /api/contacts/6470db4b364b6f870caeb8d9/favorite 25-06-2023_04:20:47
 PATCH /api/contacts/6470db4b364b6f870caeb8d9/favorite 25-06-2023_04:20:50
 PATCH /api/contacts/6470db4b364b6f870caeb8d9/favorite 25-06-2023_04:20:57
 PATCH /api/contacts/6470db4b364b6f870caeb8d9/favorite 25-06-2023_04:20:58
 PATCH /api/contacts/6470db4b364b6f870caeb8d9/favorite 25-06-2023_04:21:00
 PATCH /api/contacts/6470db4b364b6f870caeb8d9/favorite 25-06-2023_04:21:05
 PATCH /api/contacts/6470db4b364b6f870caeb8d9/favorite 25-06-2023_04:21:45
 PATCH /api/contacts/6470db4b364b6f870caeb8d9/favorite 25-06-2023_04:21:51
 PATCH /api/contacts/6470db4b364b6f870caeb8d9/favorite 25-06-2023_04:22:07
 PATCH /api/contacts/6470db4b364b6f870caeb8d9/favorite 25-06-2023_04:23:37
 DELETE /api/contacts/6470db4b364b6f870caeb8d9 25-06-2023_04:23:49
 GET /api/contacts/6470db4b364b6f870caeb8d9 25-06-2023_04:23:56
 GET /api/contacts 25-06-2023_04:24:05
 GET /api/contacts/64983809f365bbe65ada99f8 25-06-2023_04:24:14
 GET /api/contacts/64983809f365bbe65ada99f8 25-06-2023_04:32:08
 GET /favicon.ico 25-06-2023_04:32:08
 GET /api/contacts 25-06-2023_04:32:12
 GET /api/contacts 25-06-2023_04:32:23
 GET /api/contacts/64983809f365bbe65ada99f8 25-06-2023_04:32:34
 GET /api/contacts/64983809f365bbe65ada99f8 28-06-2023_02:22:04
 POST /api/auth/reginster 28-06-2023_03:17:07
 POST /api/auth/reginster 28-06-2023_03:18:27
 POST /api/auth/register 28-06-2023_03:18:51
 POST /api/auth/register 28-06-2023_03:19:30
 POST /api/auth/register 28-06-2023_03:25:27
 POST /api/auth/register 28-06-2023_03:25:31
 POST /api/auth/register 28-06-2023_03:26:24
 POST /api/auth/register 28-06-2023_03:26:26
 POST /api/auth/register 28-06-2023_03:28:22
 POST /api/auth/register 28-06-2023_03:29:11
 POST /api/auth/register 28-06-2023_03:29:12
 POST /api/auth/register 28-06-2023_03:36:20
 POST /api/auth/register 28-06-2023_03:42:55
 POST /api/auth/register 28-06-2023_07:04:10
 POST /api/auth/login 28-06-2023_07:18:02
 POST /api/auth/register 28-06-2023_07:18:59
 POST /api/auth/register 28-06-2023_07:22:43
 POST /api/auth/login 28-06-2023_07:24:41
 GET /api/contact 28-06-2023_08:09:47
 GET /api/contacts 28-06-2023_08:09:57
 GET /api/contacts 28-06-2023_08:11:21
 GET /api/contacts 28-06-2023_08:15:18
 GET /api/contacts 28-06-2023_08:15:52
 GET /api/contacts 28-06-2023_08:16:24
 GET /api/contacts 28-06-2023_08:16:48
 GET /api/login 28-06-2023_08:19:40
 POST /api/login 28-06-2023_08:20:03
 POST /api/login 28-06-2023_08:20:42
 POST /api/register 28-06-2023_08:22:46
 POST /api/auth/register 28-06-2023_08:23:25
 POST /api/auth/login 28-06-2023_08:23:37
 POST /api/contacts 28-06-2023_08:24:26
 GET /api/contacts 28-06-2023_08:24:34
 GET /api/contacts 28-06-2023_08:24:36
 GET /api/contacts 28-06-2023_08:25:14
 GET /api/contacts 28-06-2023_08:25:38
 GET /api/contacts 28-06-2023_08:28:27
 GET /api/contacts 28-06-2023_08:28:32
 GET /api/contacts 28-06-2023_08:29:37
 GET /api/contacts 28-06-2023_08:29:58
 GET /api/contacts 28-06-2023_08:30:52
 GET /api/contacts 28-06-2023_08:31:36
 GET /api/contacts 28-06-2023_08:31:42
 GET /api/contacts 28-06-2023_08:31:49